<?xml version="1.0" encoding="UTF-8"?>
<testsuite xmlns:xsi="http://www.w3.org/2001/XMLSchema-instance" xsi:noNamespaceSchemaLocation="https://maven.apache.org/surefire/maven-surefire-plugin/xsd/surefire-test-report.xsd" version="3.0.2" name="uk.ac.ucl.ArrayMySetAddRemoveSizeTest" time="0.011" tests="9" errors="0" skipped="0" failures="0">
  <properties>
[...]
</properties>
  <testcase name="aNewSetShouldBeEmpty" classname="uk.ac.ucl.ArrayMySetAddRemoveSizeTest" time="0.001"/>
  <testcase name="removingAValueShouldReduceTheSizeByOne" classname="uk.ac.ucl.ArrayMySetAddRemoveSizeTest" time="0.001"/>
  <testcase name="aSetWithOneValueShouldHaveSizeOne" classname="uk.ac.ucl.ArrayMySetAddRemoveSizeTest" time="0.001"/>
  <testcase name="aSetShouldContainAllTheValuesAfterAddAll" classname="uk.ac.ucl.ArrayMySetAddRemoveSizeTest" time="0.001"/>
  <testcase name="removingTheLastValueShouldLeaveAnEmptySet" classname="uk.ac.ucl.ArrayMySetAddRemoveSizeTest" time="0.001"/>
  <testcase name="aNewSetShouldHaveSizeZero" classname="uk.ac.ucl.ArrayMySetAddRemoveSizeTest" time="0.0"/>
  <testcase name="removingAValueNotInTheSetShouldNotChangeTheSet" classname="uk.ac.ucl.ArrayMySetAddRemoveSizeTest" time="0.0"/>
  <testcase name="addingToAFullSetShouldThrowAnException" classname="uk.ac.ucl.ArrayMySetAddRemoveSizeTest" time="0.001"/>
  <testcase name="aSetShouldContainAValueAfterItIsAdded" classname="uk.ac.ucl.ArrayMySetAddRemoveSizeTest" time="0.001"/>
</testsuite>